<?xml version="1.0" encoding="utf-8"?><testsuites name="pytest tests"><testsuite name="pytest" errors="0" failures="0" skipped="0" tests="3" time="1.448" timestamp="2026-07-26T14:28:11.469376+00:00" hostname="agent-env-3627894e-c20b-4446-9c49-c717db2e143a"><testcase classname="tests.test_experience_control_api" name="test_preview_session_creates_experience_control" time="0.183" /><testcase classname="tests.test_experience_control_api" name="test_non_preview_session_has_no_experience_control" time="0.044" /><testcase classname="tests.test_experience_control_api" name="test_interact_returns_409_when_phase_is_reflection" time="0.099" /></testsuite></testsuites>